android/capacitor-cordova-android-plugins/build/intermediates/manifest_merge_blame_file/debug/processDebugManifest/manifest-merger-blame-debug-report.txt
1<?xml version="1.0" encoding="utf-8"?>
2<manifest xmlns:amazon="http://schemas.amazon.com/apk/res/android"
3    xmlns:android="http://schemas.android.com/apk/res/android"
4    package="capacitor.cordova.android.plugins" >
5
6    <uses-sdk android:minSdkVersion="24" />
7
8    <uses-permission android:name="android.permission.BLUETOOTH" />
8-->src\main\AndroidManifest.xml:7:1-63
8-->src\main\AndroidManifest.xml:7:18-61
9    <uses-permission android:name="android.permission.BLUETOOTH_ADMIN" />
9-->src\main\AndroidManifest.xml:8:1-69
9-->src\main\AndroidManifest.xml:8:18-67
10    <uses-permission android:name="android.permission.ACCESS_COARSE_LOCATION" />
10-->src\main\AndroidManifest.xml:9:1-76
10-->src\main\AndroidManifest.xml:9:18-74
11
12    <application>
12-->src\main\AndroidManifest.xml:4:1-6:15
13    </application>
14
15</manifest>